<?xml version="1.0" encoding="UTF-8"?>
<testng-results ignored="0" total="1" passed="1" failed="0" skipped="0">
  <reporter-output>
  </reporter-output>
  <suite started-at="2026-01-05T14:03:00 IST" name="Command line suite" finished-at="2026-01-05T14:03:07 IST" duration-ms="7145">
    <groups>
    </groups>
    <test started-at="2026-01-05T14:03:00 IST" name="Command line test" finished-at="2026-01-05T14:03:07 IST" duration-ms="7145">
      <class name="tests.smoke.DummyTest">
        <test-method is-config="true" signature="setUp()[pri:0, instance:tests.smoke.DummyTest@bccb269]" started-at="2026-01-05T14:03:00 IST" name="setUp" finished-at="2026-01-05T14:03:06 IST" duration-ms="6145" status="PASS">
          <reporter-output>
          </reporter-output>
        </test-method> <!-- setUp -->
        <test-method signature="homePageSmokeTest()[pri:0, instance:tests.smoke.DummyTest@bccb269]" started-at="2026-01-05T14:03:06 IST" name="homePageSmokeTest" finished-at="2026-01-05T14:03:06 IST" duration-ms="288" status="PASS">
          <reporter-output>
          </reporter-output>
        </test-method> <!-- homePageSmokeTest -->
        <test-method is-config="true" signature="tearDown()[pri:0, instance:tests.smoke.DummyTest@bccb269]" started-at="2026-01-05T14:03:06 IST" name="tearDown" finished-at="2026-01-05T14:03:07 IST" duration-ms="627" status="PASS">
          <reporter-output>
          </reporter-output>
        </test-method> <!-- tearDown -->
      </class> <!-- tests.smoke.DummyTest -->
    </test> <!-- Command line test -->
  </suite> <!-- Command line suite -->
</testng-results>
